<?xml version="1.0" encoding="UTF-8"?>
<testng-results skipped="0" failed="0" total="1" passed="1">
  <reporter-output>
  </reporter-output>
  <suite name="Default suite" duration-ms="101396" started-at="2021-02-28T11:02:03Z" finished-at="2021-02-28T11:03:44Z">
    <groups>
    </groups>
    <test name="Default test" duration-ms="101396" started-at="2021-02-28T11:02:03Z" finished-at="2021-02-28T11:03:44Z">
      <class name="hiddenFieldValue.HiddenFieldValueDemo">
        <test-method status="PASS" signature="setup()[pri:0, instance:hiddenFieldValue.HiddenFieldValueDemo@153acfe]" name="setup" duration-ms="101353" started-at="2021-02-28T16:32:03Z" finished-at="2021-02-28T16:33:44Z">
          <reporter-output>
          </reporter-output>
        </test-method> <!-- setup -->
      </class> <!-- hiddenFieldValue.HiddenFieldValueDemo -->
    </test> <!-- Default test -->
  </suite> <!-- Default suite -->
</testng-results>
